#
# There is insufficient memory for the Java Runtime Environment to continue.
# Native memory allocation (mmap) failed to map 264241152 bytes for G1 virtual space
# Possible reasons:
#   The system is out of physical RAM or swap space
#   The process is running with CompressedOops enabled, and the Java Heap may be blocking the growth of the native heap
# Possible solutions:
#   Reduce memory load on the system
#   Increase physical memory or swap space
#   Check if swap backing store is full
#   Decrease Java heap size (-Xmx/-Xms)
#   Decrease number of Java threads
#   Decrease Java thread stack sizes (-Xss)
#   Set larger code cache with -XX:ReservedCodeCacheSize=
#   JVM is running with Zero Based Compressed Oops mode in which the Java heap is
#     placed in the first 32GB address space. The Java Heap base address is the
#     maximum limit for the native heap growth. Please use -XX:HeapBaseMinAddress
#     to set the Java Heap base and to place the Java Heap above 32GB virtual address.
# This output file may be truncated or incomplete.
#
#  Out of Memory Error (os_windows.cpp:3548), pid=25044, tid=1504
#
# JRE version:  (17.0.12+8) (build )
# Java VM: Java HotSpot(TM) 64-Bit Server VM (17.0.12+8-LTS-286, mixed mode, emulated-client, sharing, tiered, compressed oops, compressed class ptrs, g1 gc, windows-amd64)
# No core dump will be written. Minidumps are not enabled by default on client versions of Windows
#

---------------  S U M M A R Y ------------

Command Line: -XX:TieredStopAtLevel=1 -Dspring.output.ansi.enabled=always -Dcom.sun.management.jmxremote -Dspring.jmx.enabled=true -Dspring.liveBeansView.mbeanDomain -Dspring.application.admin.enabled=true -Dmanagement.endpoints.jmx.exposure.include=* -javaagent:C:\Program Files (x86)\JetBrains\IntelliJ IDEA 2024.3.1.1\lib\idea_rt.jar=24748:C:\Program Files (x86)\JetBrains\IntelliJ IDEA 2024.3.1.1\bin -Dfile.encoding=UTF-8 com.lanayago.LanaYaGoApplication

Host: 11th Gen Intel(R) Core(TM) i5-1145G7 @ 2.60GHz, 8 cores, 15G,  Windows 11 , 64 bit Build 26100 (10.0.26100.4202)
Time: Fri Jun 13 13:17:16 2025 Greenwich elapsed time: 0.159687 seconds (0d 0h 0m 0s)

---------------  T H R E A D  ---------------

Current thread (0x000001778caf9b20):  JavaThread "Unknown thread" [_thread_in_vm, id=1504, stack(0x0000004c50e00000,0x0000004c50f00000)]

Stack: [0x0000004c50e00000,0x0000004c50f00000]
Native frames: (J=compiled Java code, j=interpreted, Vv=VM code, C=native code)
V  [jvm.dll+0x67a04a]
V  [jvm.dll+0x7da4ed]
V  [jvm.dll+0x7dbe33]
V  [jvm.dll+0x7dc4a3]
V  [jvm.dll+0x24508f]
V  [jvm.dll+0x677089]
V  [jvm.dll+0x66bd32]
V  [jvm.dll+0x301fa6]
V  [jvm.dll+0x309546]
V  [jvm.dll+0x359d2e]
V  [jvm.dll+0x359f5f]
V  [jvm.dll+0x2d9078]
V  [jvm.dll+0x2d9fe4]
V  [jvm.dll+0x7aca21]
V  [jvm.dll+0x367591]
V  [jvm.dll+0x78b999]
V  [jvm.dll+0x3ec83f]
V  [jvm.dll+0x3ee471]
C  [jli.dll+0x5297]
C  [ucrtbase.dll+0x37b0]
C  [KERNEL32.DLL+0x2e8d7]
C  [ntdll.dll+0x3c34c]


---------------  P R O C E S S  ---------------

Threads class SMR info:
_java_thread_list=0x00007ffa871c7a18, length=0, elements={
}

Java Threads: ( => current thread )

Other Threads:
  0x000001778b26e860 GCTaskThread "GC Thread#0" [stack: 0x0000004c50f00000,0x0000004c51000000] [id=18452]
  0x000001778cb716c0 ConcurrentGCThread "G1 Main Marker" [stack: 0x0000004c51000000,0x0000004c51100000] [id=8808]
  0x000001778cb71fe0 ConcurrentGCThread "G1 Conc#0" [stack: 0x0000004c51100000,0x0000004c51200000] [id=6296]

[error occurred during error reporting (printing all threads), id 0xc0000005, EXCEPTION_ACCESS_VIOLATION (0xc0000005) at pc=0x00007ffa869f9b67]

VM state: not at safepoint (not fully initialized)

VM Mutex/Monitor currently owned by a thread:  ([mutex/lock_event])
[0x000001778caf4d80] Heap_lock - owner thread: 0x000001778caf9b20

Heap address: 0x0000000704400000, size: 4028 MB, Compressed Oops mode: Zero based, Oop shift amount: 3

CDS archive(s) mapped at: [0x0000000000000000-0x0000000000000000-0x0000000000000000), size 0, SharedBaseAddress: 0x0000000800000000, ArchiveRelocationMode: 1.
Narrow klass base: 0x0000000000000000, Narrow klass shift: 0, Narrow klass range: 0x0

GC Precious Log:
<Empty>

Heap:
 garbage-first heap   total 0K, used 0K [0x0000000704400000, 0x0000000800000000)
  region size 2048K, 0 young (0K), 0 survivors (0K)

[error occurred during error reporting (printing heap information), id 0xc0000005, EXCEPTION_ACCESS_VIOLATION (0xc0000005) at pc=0x00007ffa86de3859]

GC Heap History (0 events):
No events

Deoptimization events (0 events):
No events

Classes unloaded (0 events):
No events

Classes redefined (0 events):
No events

Internal exceptions (0 events):
No events

VM Operations (0 events):
No events

Events (1 events):
Event: 0.150 Loaded shared library C:\Program Files\Java\jdk-17\bin\java.dll


Dynamic libraries:
0x00007ff6452f0000 - 0x00007ff645300000 	C:\Program Files\Java\jdk-17\bin\java.exe
0x00007ffb810a0000 - 0x00007ffb81305000 	C:\WINDOWS\SYSTEM32\ntdll.dll
0x00007ffb46020000 - 0x00007ffb4603b000 	C:\Program Files\Avast Software\Avast\aswhook.dll
0x00007ffb7ff10000 - 0x00007ffb7ffd9000 	C:\WINDOWS\System32\KERNEL32.DLL
0x00007ffb7e520000 - 0x00007ffb7e908000 	C:\WINDOWS\System32\KERNELBASE.dll
0x00007ffb7e290000 - 0x00007ffb7e3db000 	C:\WINDOWS\System32\ucrtbase.dll
0x00007ffb58850000 - 0x00007ffb58869000 	C:\Program Files\Java\jdk-17\bin\jli.dll
0x00007ffb80ab0000 - 0x00007ffb80b63000 	C:\WINDOWS\System32\ADVAPI32.dll
0x00007ffb80100000 - 0x00007ffb801a9000 	C:\WINDOWS\System32\msvcrt.dll
0x00007ffb80980000 - 0x00007ffb80a26000 	C:\WINDOWS\System32\sechost.dll
0x00007ffb58a10000 - 0x00007ffb58a2b000 	C:\Program Files\Java\jdk-17\bin\VCRUNTIME140.dll
0x00007ffb7ffe0000 - 0x00007ffb800f5000 	C:\WINDOWS\System32\RPCRT4.dll
0x00007ffb80b70000 - 0x00007ffb80d3a000 	C:\WINDOWS\System32\USER32.dll
0x00007ffb7ea90000 - 0x00007ffb7eab7000 	C:\WINDOWS\System32\win32u.dll
0x00007ffb801c0000 - 0x00007ffb801eb000 	C:\WINDOWS\System32\GDI32.dll
0x00007ffb7ed00000 - 0x00007ffb7ee37000 	C:\WINDOWS\System32\gdi32full.dll
0x00007ffb7e470000 - 0x00007ffb7e513000 	C:\WINDOWS\System32\msvcp_win.dll
0x00007ffb63a10000 - 0x00007ffb63caa000 	C:\WINDOWS\WinSxS\amd64_microsoft.windows.common-controls_6595b64144ccf1df_6.0.26100.4202_none_3e0698d4e335f517\COMCTL32.dll
0x00007ffb6b600000 - 0x00007ffb6b60b000 	C:\WINDOWS\SYSTEM32\VERSION.dll
0x00007ffb7faf0000 - 0x00007ffb7fb20000 	C:\WINDOWS\System32\IMM32.DLL
0x00007ffb5b610000 - 0x00007ffb5b61c000 	C:\Program Files\Java\jdk-17\bin\vcruntime140_1.dll
0x00007ffb0b430000 - 0x00007ffb0b4be000 	C:\Program Files\Java\jdk-17\bin\msvcp140.dll
0x00007ffa86710000 - 0x00007ffa872f0000 	C:\Program Files\Java\jdk-17\bin\server\jvm.dll
0x00007ffb7fae0000 - 0x00007ffb7fae8000 	C:\WINDOWS\System32\PSAPI.DLL
0x00007ffb74600000 - 0x00007ffb74635000 	C:\WINDOWS\SYSTEM32\WINMM.dll
0x00007ffb63020000 - 0x00007ffb6302a000 	C:\WINDOWS\SYSTEM32\WSOCK32.dll
0x00007ffb801f0000 - 0x00007ffb80264000 	C:\WINDOWS\System32\WS2_32.dll
0x00007ffb7cf70000 - 0x00007ffb7cf8b000 	C:\WINDOWS\SYSTEM32\kernel.appcore.dll
0x00007ffb58a00000 - 0x00007ffb58a0a000 	C:\Program Files\Java\jdk-17\bin\jimage.dll
0x00007ffb7af50000 - 0x00007ffb7b191000 	C:\WINDOWS\SYSTEM32\DBGHELP.DLL
0x00007ffb7f700000 - 0x00007ffb7fa85000 	C:\WINDOWS\System32\combase.dll
0x00007ffb80300000 - 0x00007ffb803e1000 	C:\WINDOWS\System32\OLEAUT32.dll
0x00007ffb6ac00000 - 0x00007ffb6ac39000 	C:\WINDOWS\SYSTEM32\dbgcore.DLL
0x00007ffb7e1f0000 - 0x00007ffb7e289000 	C:\WINDOWS\System32\bcryptPrimitives.dll
0x00007ffb58840000 - 0x00007ffb5884e000 	C:\Program Files\Java\jdk-17\bin\instrument.dll
0x00007ffb57640000 - 0x00007ffb57665000 	C:\Program Files\Java\jdk-17\bin\java.dll

dbghelp: loaded successfully - version: 4.0.5 - missing functions: none
symbol engine: initialized successfully - sym options: 0x614 - pdb path: .;C:\Program Files\Java\jdk-17\bin;C:\WINDOWS\SYSTEM32;C:\Program Files\Avast Software\Avast;C:\WINDOWS\WinSxS\amd64_microsoft.windows.common-controls_6595b64144ccf1df_6.0.26100.4202_none_3e0698d4e335f517;C:\Program Files\Java\jdk-17\bin\server

VM Arguments:
jvm_args: -XX:TieredStopAtLevel=1 -Dspring.output.ansi.enabled=always -Dcom.sun.management.jmxremote -Dspring.jmx.enabled=true -Dspring.liveBeansView.mbeanDomain -Dspring.application.admin.enabled=true -Dmanagement.endpoints.jmx.exposure.include=* -javaagent:C:\Program Files (x86)\JetBrains\IntelliJ IDEA 2024.3.1.1\lib\idea_rt.jar=24748:C:\Program Files (x86)\JetBrains\IntelliJ IDEA 2024.3.1.1\bin -Dfile.encoding=UTF-8 
java_command: com.lanayago.LanaYaGoApplication
java_class_path (initial): C:\Users\DELL\projets\LanaYaGo\build\classes\java\main;C:\Users\DELL\projets\LanaYaGo\build\resources\main;C:\Users\DELL\.gradle\caches\modules-2\files-2.1\org.mapstruct\mapstruct-processor\1.5.5.Final\897f6f115930b936287bef552bf5fe28cc64717d\mapstruct-processor-1.5.5.Final.jar;C:\Users\DELL\.gradle\caches\modules-2\files-2.1\org.projectlombok\lombok\1.18.38\57f8f5e02e92a30fd21b80cbd426a4172b5f8e29\lombok-1.18.38.jar;C:\Users\DELL\.gradle\caches\modules-2\files-2.1\org.springframework.boot\spring-boot-starter-data-jpa\3.5.0\1f1b632678d5516b5866a82b282541b18f6bf84c\spring-boot-starter-data-jpa-3.5.0.jar;C:\Users\DELL\.gradle\caches\modules-2\files-2.1\org.springframework.boot\spring-boot-starter-websocket\3.5.0\668c46001c63bd49de83bc49bfcc65873af5b059\spring-boot-starter-websocket-3.5.0.jar;C:\Users\DELL\.gradle\caches\modules-2\files-2.1\org.springframework.boot\spring-boot-starter-web\3.5.0\29c6198f7e5cd7c4b9a27045d93879e161d6cdd0\spring-boot-starter-web-3.5.0.jar;C:\Users\DELL\.gradle\caches\modules-2\files-2.1\org.springframework.boot\spring-boot-starter-security\3.5.0\f33d61f93d8a0ded9a1142996d2663105a237e76\spring-boot-starter-security-3.5.0.jar;C:\Users\DELL\.gradle\caches\modules-2\files-2.1\org.springframework.boot\spring-boot-starter-validation\3.5.0\76a06881cdb0d47b3fd937ce26d874d5fc2c10fa\spring-boot-starter-validation-3.5.0.jar;C:\Users\DELL\.gradle\caches\modules-2\files-2.1\org.springframework.boot\spring-boot-starter-mail\3.5.0\a7d97e10e6ad23bd10e61afdd12875343da13c52\spring-boot-starter-mail-3.5.0.jar;C:\Users\DELL\.gradle\caches\modules-2\files-2.1\io.jsonwebtoken\jjwt-impl\0.11.5\40a599f0e8a8e4e0701596fbb15e67bfda64fdf0\jjwt-impl-0.11.5.jar;C:\Users\DELL\.gradle\caches\modules-2\files-2.1\io.jsonwebtoken\jjwt-jackson\0.11.5\3b83a06809e98a69402d7333dcf67df6f6ea4579\jjwt-jackson-0.11.5.jar;C:\Users\DELL\.gradle\caches\modules-2\files-2.1\io.jsonwebtoken\jjwt-api\0.11.5\f742940045619d06383e7df37b21ac422b476cf1\jjwt-api-0.1
Launcher Type: SUN_STANDARD

[Global flags]
     intx CICompilerCount                          = 4                                         {product} {ergonomic}
     uint ConcGCThreads                            = 2                                         {product} {ergonomic}
     uint G1ConcRefinementThreads                  = 8                                         {product} {ergonomic}
   size_t G1HeapRegionSize                         = 2097152                                   {product} {ergonomic}
    uintx GCDrainStackTargetSize                   = 64                                        {product} {ergonomic}
   size_t InitialHeapSize                          = 264241152                                 {product} {ergonomic}
     bool ManagementServer                         = true                                      {product} {command line}
   size_t MarkStackSize                            = 4194304                                   {product} {ergonomic}
   size_t MaxHeapSize                              = 4223664128                                {product} {ergonomic}
   size_t MinHeapDeltaBytes                        = 2097152                                   {product} {ergonomic}
   size_t MinHeapSize                              = 8388608                                   {product} {ergonomic}
    uintx NonProfiledCodeHeapSize                  = 0                                      {pd product} {ergonomic}
     bool ProfileInterpreter                       = false                                  {pd product} {command line}
    uintx ProfiledCodeHeapSize                     = 0                                      {pd product} {ergonomic}
   size_t SoftMaxHeapSize                          = 4223664128                             {manageable} {ergonomic}
     intx TieredStopAtLevel                        = 1                                         {product} {command line}
     bool UseCompressedClassPointers               = true                           {product lp64_product} {ergonomic}
     bool UseCompressedOops                        = true                           {product lp64_product} {ergonomic}
     bool UseG1GC                                  = true                                      {product} {ergonomic}
     bool UseLargePagesIndividualAllocation        = false                                  {pd product} {ergonomic}

Logging:
Log output configuration:
 #0: stdout all=warning uptime,level,tags
 #1: stderr all=off uptime,level,tags

Environment Variables:
JAVA_HOME=C:\java\jdk-17.0.12
PATH=C:\Program Files\Common Files\Oracle\Java\javapath;C:\WINDOWS\system32;C:\WINDOWS;C:\WINDOWS\System32\Wbem;C:\WINDOWS\System32\WindowsPowerShell\v1.0\;C:\WINDOWS\System32\OpenSSH\;C:\ProgramData\chocolatey\bin;C:\xampp\php;C:\Users\DELL\Downloads\mysql-8.0.39-winx64\bin;C:\Users\DELL\Downloads\apache-maven-3.9.9\bin;C:\Program Files\Docker\Docker\resources\bin;C:\Program Files\Git\cmd;C:\Program Files\nodejs\;C:\Users\DELL\AppData\Local\Android\Sdk\platform-tools;C:\Users\DELL\AppData\Roaming\npm;C:\Users\DELL\Downloads\apache-maven-3.9.9-bin\apache-maven-3.9.9\bin;C:\hadoop\spark-3.5.5\bin;C:\hadoop\spark-3.5.5\sbin;C:\GAMS\42\apifiles\Java\api;C:\Users\DELL\AppData\Roaming\Code\User\globalStorage\pleiades.java-extension-pack-jdk\gradle\latest\bin;C:\Users\DELL\.jdks\corretto-21.0.3\bin;C:\Program Files\Common Files\Oracle\Java\javapath;C:\WINDOWS\system32;C:\WINDOWS;C:\WINDOWS\System32\Wbem;C:\WINDOWS\System32\WindowsPowerShell\v1.0\;C:\WINDOWS\System32\OpenSSH\;C:\ProgramData\chocolatey\bin;C:\xampp\php;C:\ProgramData\ComposerSetup\bin;C:\Users\DELL\Downloads\apache-maven-3.9.9\bin;C:\Program Files\Microsoft SQL Server\Client SDK\ODBC\170\Tools\Binn\;C:\Program Files\Microsoft SQL Server\150\Tools\Binn\;C:\Program Files\dotnet\;C:\Program Files\Docker\Docker\resources\bin;C:\Program Files\Git\cmd;C:\Program Files\nodejs\;C:\Users\DELL\AppData\Local\Programs\Python\Python312\Scripts\;C:\Users\DELL\AppData\Local\Programs\Python\Python312\;C:\Users\DELL\AppData\Local\Programs\Python\Python313\Scripts\;C:\Users\DELL\AppData\Local\Programs\Python\Python313\;C:\Users\DELL\AppData\Local\Programs\Python\Laun;C:\Users\DELL\AppData\Local\Programs\Microsoft VS Code\bin;C:\hadoop\bin;C:\spark-3.5.5\bin;C:\flutter\bin;C:\Users\DELL\AppData\Local\Android\Sdk\cmdline-tools\latest\bin;
USERNAME=DELL
OS=Windows_NT
PROCESSOR_IDENTIFIER=Intel64 Family 6 Model 140 Stepping 1, GenuineIntel



---------------  S Y S T E M  ---------------

OS:
 Windows 11 , 64 bit Build 26100 (10.0.26100.4202)
OS uptime: 2 days 18:34 hours
Hyper-V role detected

CPU: total 8 (initial active 8) (4 cores per cpu, 2 threads per core) family 6 model 140 stepping 1 microcode 0xbc, cx8, cmov, fxsr, ht, mmx, 3dnowpref, sse, sse2, sse3, ssse3, sse4.1, sse4.2, popcnt, lzcnt, tsc, tscinvbit, avx, avx2, aes, erms, clmul, bmi1, bmi2, adx, avx512f, avx512dq, avx512cd, avx512bw, avx512vl, sha, fma, vzeroupper, avx512_vpopcntdq, avx512_vpclmulqdq, avx512_vaes, avx512_vnni, clflush, clflushopt, clwb, avx512_vbmi2, avx512_vbmi, hv

Memory: 4k page, system-wide physical 16110M (697M free)
TotalPageFile size 31068M (AvailPageFile size 220M)
current process WorkingSet (physical memory assigned to process): 12M, peak: 12M
current process commit charge ("private bytes"): 55M, peak: 307M

vm_info: Java HotSpot(TM) 64-Bit Server VM (17.0.12+8-LTS-286) for windows-amd64 JRE (17.0.12+8-LTS-286), built on Jun  5 2024 06:46:59 by "mach5one" with MS VC++ 17.6 (VS2022)

END.
